[AUTH DEBUG] requireAdminOrSecretaria - Path: GET /api/inventory, Role: secretaria
[AUTH DEBUG] requireAdminOrSecretaria - Path: POST /api/inventory, Role: secretaria
[AUTH DEBUG] requireAdminOrSecretaria - Path: GET /api/inventory, Role: secretaria
[AUTH DEBUG] requireAdminOrSecretaria - Path: DELETE /api/inventory/62fc6a0b-e727-443e-91cd-060e1421f8c4, Role: secretaria
[AUTH DEBUG] requireAdminOrSecretaria - Path: GET /api/inventory, Role: secretaria
[AUTH DEBUG] requireAdminOrSecretaria - Path: GET /api/employees, Role: secretaria
[AUTH DEBUG] requireAdminOrSecretaria - Path: GET /api/settings/system/km_value, Role: secretaria
[AUTH DEBUG] requireAdminOrSecretaria - Path: GET /api/settings/event-categories, Role: secretaria
[AUTH DEBUG] requireAdminOrSecretaria - Path: GET /api/settings/services, Role: secretaria
[AUTH DEBUG] requireAdminOrSecretaria - Path: GET /api/settings/packages, Role: secretaria
[AUTH DEBUG] requireAdminOrSecretaria - Path: GET /api/settings/employee-roles, Role: secretaria
[AUTH DEBUG] requireAdminOrSecretaria - Path: GET /api/settings/skills, Role: secretaria
[AUTH DEBUG] requireAdminOrSecretaria - Path: POST /api/inventory, Role: secretaria
[AUTH DEBUG] requireAdminOrSecretaria - Path: GET /api/inventory, Role: secretaria
[AUTH DEBUG] requireAdminOrSecretaria - Path: DELETE /api/inventory/a1b09768-5c82-455e-94e7-e78a49271231, Role: secretaria
[AUTH DEBUG] requireAdminOrSecretaria - Path: GET /api/inventory, Role: secretaria
[AUTH DEBUG] requireAdminOrSecretaria - Path: GET /api/inventory, Role: secretaria
[AUTH DEBUG] requireAdminOrSecretaria - Path: GET /api/dashboard/upcoming-events, Role: secretaria
[AUTH DEBUG] requireAdminOrSecretaria - Path: GET /api/dashboard/metrics, Role: secretaria
[AUTH DEBUG] requireAdminOrSecretaria - Path: GET /api/employees, Role: secretaria
[AUTH DEBUG] requireAdminOrSecretaria - Path: GET /api/settings/system/km_value, Role: secretaria
[AUTH DEBUG] requireAdminOrSecretaria - Path: GET /api/settings/event-categories, Role: secretaria
[AUTH DEBUG] requireAdminOrSecretaria - Path: GET /api/inventory, Role: secretaria
[AUTH DEBUG] requireAdminOrSecretaria - Path: GET /api/settings/packages, Role: secretaria
[AUTH DEBUG] requireAdminOrSecretaria - Path: GET /api/settings/services, Role: secretaria
[AUTH DEBUG] requireAdminOrSecretaria - Path: GET /api/inventory, Role: secretaria
[AUTH DEBUG] requireAdminOrSecretaria - Path: GET /api/dashboard/metrics, Role: admin
[AUTH DEBUG] requireAdminOrSecretaria - Path: GET /api/dashboard/upcoming-events, Role: admin
[AUTH DEBUG] requireAdminOrSecretaria - Path: GET /api/settings/system/km_value, Role: admin
[AUTH DEBUG] requireAdminOrSecretaria - Path: GET /api/settings/event-categories, Role: admin
[AUTH DEBUG] requireAdminOrSecretaria - Path: GET /api/employees, Role: admin
[AUTH DEBUG] requireAdminOrSecretaria - Path: GET /api/settings/packages, Role: admin
[AUTH DEBUG] requireAdminOrSecretaria - Path: GET /api/inventory, Role: admin
[AUTH DEBUG] requireAdminOrSecretaria - Path: GET /api/settings/services, Role: admin
[AUTH DEBUG] requireAdminOrSecretaria - Path: GET /api/settings/employee-roles, Role: admin
[AUTH DEBUG] requireAdminOrSecretaria - Path: GET /api/settings/skills, Role: admin
[AUTH DEBUG] requireAdminOrSecretaria - Path: GET /api/dashboard/metrics, Role: admin
[AUTH DEBUG] requireAdminOrSecretaria - Path: GET /api/dashboard/upcoming-events, Role: admin
[AUTH DEBUG] requireAdminOrSecretaria - Path: GET /api/settings/event-categories, Role: admin
[AUTH DEBUG] requireAdminOrSecretaria - Path: GET /api/settings/employee-roles, Role: admin
[AUTH DEBUG] requireAdminOrSecretaria - Path: GET /api/settings/packages, Role: admin
[AUTH DEBUG] requireAdminOrSecretaria - Path: GET /api/settings/skills, Role: admin
[AUTH DEBUG] requireAdminOrSecretaria - Path: GET /api/settings/services, Role: admin
[AUTH DEBUG] requireAdminOrSecretaria - Path: GET /api/inventory, Role: admin
[AUTH DEBUG] requireAdminOrSecretaria - Path: GET /api/settings/system/km_value, Role: admin
[AUTH DEBUG] requireAdminOrSecretaria - Path: GET /api/inventory, Role: admin
[AUTH DEBUG] requireAdminOrSecretaria - Path: GET /api/settings/skills, Role: admin
[AUTH DEBUG] requireAdminOrSecretaria - Path: GET /api/settings/services, Role: admin
[AUTH DEBUG] requireAdminOrSecretaria - Path: GET /api/settings/packages, Role: admin
[AUTH DEBUG] requireAdminOrSecretaria - Path: GET /api/settings/event-categories, Role: admin
[AUTH DEBUG] requireAdminOrSecretaria - Path: GET /api/settings/system/km_value, Role: admin
[AUTH DEBUG] requireAdminOrSecretaria - Path: GET /api/settings/employee-roles, Role: admin
[AUTH DEBUG] requireAdminOrSecretaria - Path: GET /api/settings/google-calendar/status, Role: admin
[AUTH DEBUG] requireAdminOrSecretaria - Path: POST /api/settings/google-calendar/credentials, Role: admin
[AUTH DEBUG] requireAdminOrSecretaria - Path: GET /api/settings/google-calendar/status, Role: admin
[AUTH DEBUG] requireAdminOrSecretaria - Path: GET /api/settings/fees/type, Role: admin
[AUTH DEBUG] requireAdminOrSecretaria - Path: GET /api/settings/fees/sumup, Role: admin
[AUTH DEBUG] requireAdminOrSecretaria - Path: GET /api/settings/fees/monthly-interest, Role: admin
[AUTH DEBUG] requireAdminOrSecretaria - Path: POST /api/settings/google-calendar/credentials, Role: admin
[AUTH DEBUG] requireAdminOrSecretaria - Path: GET /api/settings/google-calendar/status, Role: admin
[AUTH DEBUG] requireAdminOrSecretaria - Path: GET /api/settings/google-calendar/auth-url, Role: admin
[AUTH DEBUG] requireAdminOrSecretaria - Path: GET /api/settings/google-calendar/status, Role: admin
[AUTH DEBUG] requireAdminOrSecretaria - Path: GET /api/settings/google-calendar/auth-url, Role: admin
[AUTH DEBUG] requireAdminOrSecretaria - Path: GET /api/settings/google-calendar/status, Role: admin
[AUTH DEBUG] requireAdminOrSecretaria - Path: GET /api/settings/skills, Role: admin
[AUTH DEBUG] requireAdminOrSecretaria - Path: GET /api/settings/services, Role: admin
[AUTH DEBUG] requireAdminOrSecretaria - Path: GET /api/settings/event-categories, Role: admin
[AUTH DEBUG] requireAdminOrSecretaria - Path: GET /api/settings/packages, Role: admin
[AUTH DEBUG] requireAdminOrSecretaria - Path: GET /api/settings/employee-roles, Role: admin
[AUTH DEBUG] requireAdminOrSecretaria - Path: GET /api/settings/system/km_value, Role: admin
[AUTH DEBUG] requireAdminOrSecretaria - Path: GET /api/inventory, Role: admin
[AUTH DEBUG] requireAdminOrSecretaria - Path: GET /api/settings/google-calendar/status, Role: admin
[AUTH DEBUG] requireAdminOrSecretaria - Path: GET /api/inventory, Role: admin
[AUTH DEBUG] requireAdminOrSecretaria - Path: GET /api/settings/packages, Role: admin
[AUTH DEBUG] requireAdminOrSecretaria - Path: GET /api/settings/employee-roles, Role: admin
[AUTH DEBUG] requireAdminOrSecretaria - Path: GET /api/settings/event-categories, Role: admin
[AUTH DEBUG] requireAdminOrSecretaria - Path: GET /api/settings/skills, Role: admin
[AUTH DEBUG] requireAdminOrSecretaria - Path: GET /api/settings/services, Role: admin
[AUTH DEBUG] requireAdminOrSecretaria - Path: GET /api/settings/system/km_value, Role: admin
[AUTH DEBUG] requireAdminOrSecretaria - Path: GET /api/settings/google-calendar/status, Role: admin
[AUTH DEBUG] requireAdminOrSecretaria - Path: GET /api/settings/services, Role: admin
[AUTH DEBUG] requireAdminOrSecretaria - Path: GET /api/settings/skills, Role: admin
[AUTH DEBUG] requireAdminOrSecretaria - Path: GET /api/settings/employee-roles, Role: admin
[AUTH DEBUG] requireAdminOrSecretaria - Path: GET /api/settings/system/km_value, Role: admin
[AUTH DEBUG] requireAdminOrSecretaria - Path: GET /api/settings/event-categories, Role: admin
[AUTH DEBUG] requireAdminOrSecretaria - Path: GET /api/inventory, Role: admin
[AUTH DEBUG] requireAdminOrSecretaria - Path: GET /api/settings/packages, Role: admin
[AUTH DEBUG] requireAdminOrSecretaria - Path: GET /api/dashboard/metrics, Role: admin
[AUTH DEBUG] requireAdminOrSecretaria - Path: GET /api/dashboard/upcoming-events, Role: admin
[AUTH DEBUG] requireAdminOrSecretaria - Path: GET /api/settings/employee-roles, Role: admin
[AUTH DEBUG] requireAdminOrSecretaria - Path: GET /api/settings/event-categories, Role: admin
[AUTH DEBUG] requireAdminOrSecretaria - Path: GET /api/settings/services, Role: admin
[AUTH DEBUG] requireAdminOrSecretaria - Path: GET /api/settings/skills, Role: admin
[AUTH DEBUG] requireAdminOrSecretaria - Path: GET /api/settings/packages, Role: admin
[AUTH DEBUG] requireAdminOrSecretaria - Path: GET /api/settings/system/km_value, Role: admin
[AUTH DEBUG] requireAdminOrSecretaria - Path: GET /api/inventory, Role: admin
[AUTH DEBUG] requireAdminOrSecretaria - Path: GET /api/settings/google-calendar/status, Role: admin
[AUTH DEBUG] requireAdminOrSecretaria - Path: GET /api/settings/google-calendar/auth-url, Role: admin
[AUTH DEBUG] requireAdminOrSecretaria - Path: GET /api/settings/google-calendar/status, Role: admin
[AUTH DEBUG] requireAdminOrSecretaria - Path: GET /api/employees, Role: admin
[AUTH DEBUG] requireAdminOrSecretaria - Path: GET /api/settings/employee-roles, Role: admin
[AUTH DEBUG] requireAdminOrSecretaria - Path: GET /api/settings/skills, Role: admin
[AUTH DEBUG] requireAdminOrSecretaria - Path: GET /api/settings/google-calendar/status, Role: admin
[AUTH DEBUG] requireAdminOrSecretaria - Path: GET /api/settings/skills, Role: admin
[AUTH DEBUG] requireAdminOrSecretaria - Path: GET /api/settings/event-categories, Role: admin
[AUTH DEBUG] requireAdminOrSecretaria - Path: GET /api/inventory, Role: admin
[AUTH DEBUG] requireAdminOrSecretaria - Path: GET /api/settings/employee-roles, Role: admin
[AUTH DEBUG] requireAdminOrSecretaria - Path: GET /api/settings/services, Role: admin
[AUTH DEBUG] requireAdminOrSecretaria - Path: GET /api/settings/packages, Role: admin
[AUTH DEBUG] requireAdminOrSecretaria - Path: GET /api/settings/system/km_value, Role: admin
[AUTH DEBUG] requireAdminOrSecretaria - Path: GET /api/employees, Role: admin
[AUTH DEBUG] requireAdminOrSecretaria - Path: GET /api/settings/system/km_value, Role: admin
[AUTH DEBUG] requireAdminOrSecretaria - Path: GET /api/employees, Role: admin
[AUTH DEBUG] requireAdminOrSecretaria - Path: GET /api/settings/event-categories, Role: admin
[AUTH DEBUG] requireAdminOrSecretaria - Path: GET /api/inventory, Role: admin
[AUTH DEBUG] requireAdminOrSecretaria - Path: GET /api/settings/packages, Role: admin
[AUTH DEBUG] requireAdminOrSecretaria - Path: GET /api/settings/services, Role: admin
[AUTH DEBUG] requireAdminOrSecretaria - Path: GET /api/settings/system/km_value, Role: admin
[AUTH DEBUG] requireAdminOrSecretaria - Path: GET /api/settings/event-categories, Role: admin
[AUTH DEBUG] requireAdminOrSecretaria - Path: GET /api/inventory, Role: admin
[AUTH DEBUG] requireAdminOrSecretaria - Path: GET /api/employees, Role: admin
[AUTH DEBUG] requireAdminOrSecretaria - Path: GET /api/settings/packages, Role: admin
[AUTH DEBUG] requireAdminOrSecretaria - Path: GET /api/settings/services, Role: admin
[AUTH DEBUG] requireAdminOrSecretaria - Path: GET /api/settings/employee-roles, Role: admin
[AUTH DEBUG] requireAdminOrSecretaria - Path: GET /api/settings/packages, Role: admin
[AUTH DEBUG] requireAdminOrSecretaria - Path: GET /api/settings/event-categories, Role: admin
[AUTH DEBUG] requireAdminOrSecretaria - Path: GET /api/inventory, Role: admin
[AUTH DEBUG] requireAdminOrSecretaria - Path: GET /api/settings/skills, Role: admin
[AUTH DEBUG] requireAdminOrSecretaria - Path: GET /api/settings/services, Role: admin
[AUTH DEBUG] requireAdminOrSecretaria - Path: GET /api/settings/system/km_value, Role: admin
[AUTH DEBUG] requireAdminOrSecretaria - Path: GET /api/dashboard/metrics, Role: admin
[AUTH DEBUG] requireAdminOrSecretaria - Path: GET /api/dashboard/upcoming-events, Role: admin
[AUTH DEBUG] requireAdminOrSecretaria - Path: GET /api/dashboard/upcoming-events, Role: admin
[AUTH DEBUG] requireAdminOrSecretaria - Path: GET /api/dashboard/metrics, Role: admin
[AUTH DEBUG] requireAdminOrSecretaria - Path: GET /api/settings/event-categories, Role: admin
[AUTH DEBUG] requireAdminOrSecretaria - Path: GET /api/settings/skills, Role: admin
[AUTH DEBUG] requireAdminOrSecretaria - Path: GET /api/settings/employee-roles, Role: admin
[AUTH DEBUG] requireAdminOrSecretaria - Path: GET /api/inventory, Role: admin
[AUTH DEBUG] requireAdminOrSecretaria - Path: GET /api/settings/packages, Role: admin
[AUTH DEBUG] requireAdminOrSecretaria - Path: GET /api/settings/services, Role: admin
[AUTH DEBUG] requireAdminOrSecretaria - Path: GET /api/settings/system/km_value, Role: admin
[AUTH DEBUG] requireAdminOrSecretaria - Path: GET /api/settings/google-calendar/status, Role: admin
[AUTH DEBUG] requireAdminOrSecretaria - Path: GET /api/employees, Role: admin
[AUTH DEBUG] requireAdminOrSecretaria - Path: GET /api/settings/skills, Role: admin
[AUTH DEBUG] requireAdminOrSecretaria - Path: GET /api/settings/employee-roles, Role: admin
[AUTH DEBUG] requireAdminOrSecretaria - Path: GET /api/settings/google-calendar/status, Role: admin
[AUTH DEBUG] requireAdminOrSecretaria - Path: GET /api/settings/system/km_value, Role: admin
[AUTH DEBUG] requireAdminOrSecretaria - Path: GET /api/settings/event-categories, Role: admin
[AUTH DEBUG] requireAdminOrSecretaria - Path: GET /api/inventory, Role: admin
[AUTH DEBUG] requireAdminOrSecretaria - Path: GET /api/settings/services, Role: admin
[AUTH DEBUG] requireAdminOrSecretaria - Path: GET /api/employees, Role: admin
[AUTH DEBUG] requireAdminOrSecretaria - Path: GET /api/settings/packages, Role: admin
[AUTH DEBUG] requireAdminOrSecretaria - Path: GET /api/employees, Role: admin
[AUTH DEBUG] requireAdminOrSecretaria - Path: GET /api/settings/event-categories, Role: admin
[AUTH DEBUG] requireAdminOrSecretaria - Path: GET /api/settings/packages, Role: admin
[AUTH DEBUG] requireAdminOrSecretaria - Path: GET /api/settings/system/km_value, Role: admin
[AUTH DEBUG] requireAdminOrSecretaria - Path: GET /api/inventory, Role: admin
[AUTH DEBUG] requireAdminOrSecretaria - Path: GET /api/settings/services, Role: admin
[AUTH DEBUG] requireAdmin - Path: GET /api/time-records/all, Role: admin
[AUTH DEBUG] requireAdminOrSecretaria - Path: GET /api/settings/employee-roles, Role: admin
[AUTH DEBUG] requireAdminOrSecretaria - Path: GET /api/settings/skills, Role: admin
[AUTH DEBUG] requireAdminOrSecretaria - Path: PATCH /api/employees/dbfa4dfd-39e4-4a27-8ade-cb4c4f36531b, Role: admin
[AUTH DEBUG] requireAdminOrSecretaria - Path: PUT /api/employees/dbfa4dfd-39e4-4a27-8ade-cb4c4f36531b/skills, Role: admin
[AUTH DEBUG] requireAdminOrSecretaria - Path: GET /api/employees, Role: admin
[AUTH DEBUG] requireAdminOrSecretaria - Path: PATCH /api/employees/dbfa4dfd-39e4-4a27-8ade-cb4c4f36531b, Role: admin
[AUTH DEBUG] requireAdminOrSecretaria - Path: PUT /api/employees/dbfa4dfd-39e4-4a27-8ade-cb4c4f36531b/skills, Role: admin
[AUTH DEBUG] requireAdminOrSecretaria - Path: GET /api/employees, Role: admin
[AUTH DEBUG] requireAdmin - Path: GET /api/time-records/all, Role: admin
[AUTH DEBUG] requireAdminOrSecretaria - Path: GET /api/employees, Role: admin
[AUTH DEBUG] requireAdmin - Path: GET /api/time-records/all, Role: admin
[AUTH DEBUG] requireAdminOrSecretaria - Path: GET /api/employees, Role: admin
[AUTH DEBUG] requireAdminOrSecretaria - Path: GET /api/settings/employee-roles, Role: admin
[AUTH DEBUG] requireAdminOrSecretaria - Path: GET /api/settings/skills, Role: admin
[AUTH DEBUG] requireAdmin - Path: GET /api/time-records/all, Role: admin
[AUTH DEBUG] requireAdminOrSecretaria - Path: GET /api/employees, Role: admin
[AUTH DEBUG] requireAdmin - Path: GET /api/time-records/all, Role: admin
[AUTH DEBUG] requireAdminOrSecretaria - Path: GET /api/employees, Role: admin
[AUTH DEBUG] requireAdminOrSecretaria - Path: GET /api/employees, Role: admin
[AUTH DEBUG] requireAdmin - Path: GET /api/time-records/all, Role: admin
[AUTH DEBUG] requireAdminOrSecretaria - Path: GET /api/employees, Role: admin
[AUTH DEBUG] requireAdmin - Path: GET /api/time-records/all, Role: admin
[AUTH DEBUG] requireAdmin - Path: GET /api/time-records/all, Role: admin
[AUTH DEBUG] requireAdminOrSecretaria - Path: GET /api/employees, Role: admin
[AUTH DEBUG] requireAdmin - Path: GET /api/time-records/all, Role: admin
[AUTH DEBUG] requireAdminOrSecretaria - Path: GET /api/employees, Role: admin
[AUTH DEBUG] requireAdmin - Path: GET /api/time-records/all, Role: admin
[AUTH DEBUG] requireAdminOrSecretaria - Path: GET /api/employees, Role: admin
[AUTH DEBUG] requireAdminOrSecretaria - Path: GET /api/employees, Role: admin
[AUTH DEBUG] requireAdmin - Path: GET /api/time-records/all, Role: admin
[AUTH DEBUG] requireAdmin - Path: GET /api/time-records/all, Role: admin
[AUTH DEBUG] requireAdminOrSecretaria - Path: GET /api/employees, Role: admin
[AUTH DEBUG] requireAdmin - Path: GET /api/time-records/all, Role: admin
[AUTH DEBUG] requireAdminOrSecretaria - Path: GET /api/employees, Role: admin
[AUTH DEBUG] requireAdmin - Path: GET /api/time-records/all, Role: admin
[AUTH DEBUG] requireAdminOrSecretaria - Path: GET /api/employees, Role: admin
[AUTH DEBUG] requireAdmin - Path: GET /api/time-records/all, Role: admin
[AUTH DEBUG] requireAdminOrSecretaria - Path: GET /api/employees, Role: admin
[AUTH DEBUG] requireAdmin - Path: GET /api/time-records/all, Role: admin
[AUTH DEBUG] requireAdminOrSecretaria - Path: GET /api/employees, Role: admin
